<?xml version="1.0" encoding="UTF-8"?>
<!-- Generated by org.testng.reporters.JUnitReportReporter -->
<testsuite ignored="0" hostname="prasads-MacBook-Air.local" failures="0" tests="1" name="com.tests.postRequest" time="1.989" errors="0" timestamp="19 Mar 2024 21:48:43 GMT" skipped="0">
  <testcase classname="com.tests.postRequest" name="testPostRequest" time="1.989"/>
</testsuite> <!-- com.tests.postRequest -->
