<?xml version="1.0" encoding="UTF-8"?>
<!-- Generated by org.testng.reporters.JUnitReportReporter -->
<testsuite ignored="0" hostname="prasads-MacBook-Air.local" failures="0" tests="2" name="day2.DiffwaysTOCreatePostRequestBoday" time="2.516" errors="0" timestamp="27 Mar 2024 12:32:03 GMT" skipped="0">
  <testcase classname="day2.DiffwaysTOCreatePostRequestBoday" name="testPostUsingJson" time="2.415"/>
  <testcase classname="day2.DiffwaysTOCreatePostRequestBoday" name="testDelete" time="0.101"/>
</testsuite> <!-- day2.DiffwaysTOCreatePostRequestBoday -->
