<?xml version="1.0" encoding="UTF-8"?>
<!-- Generated by org.testng.reporters.JUnitReportReporter -->
<testsuite ignored="0" hostname="prasads-MacBook-Air.local" failures="0" tests="4" name="day1.HTTPRequests" time="3.645" errors="0" timestamp="26 Mar 2024 21:02:43 GMT" skipped="0">
  <testcase classname="day1.HTTPRequests" name="updateUser" time="0.157"/>
  <testcase classname="day1.HTTPRequests" name="createUser" time="0.528"/>
  <testcase classname="day1.HTTPRequests" name="deleteUser" time="0.144"/>
  <testcase classname="day1.HTTPRequests" name="getSingleUser" time="2.816"/>
</testsuite> <!-- day1.HTTPRequests -->
