<?xml version="1.0" encoding="UTF-8"?>
<!-- Generated by org.testng.reporters.JUnitReportReporter -->
<testsuite ignored="0" hostname="prasads-MacBook-Air.local" failures="0" tests="1" name="com.tests.PostRequest2" time="2.028" errors="0" timestamp="19 Mar 2024 23:47:04 GMT" skipped="0">
  <testcase classname="com.tests.PostRequest2" name="testPostRequest2" time="2.028"/>
</testsuite> <!-- com.tests.PostRequest2 -->
