<?xml version="1.0" encoding="UTF-8"?>
<!-- Generated by org.testng.reporters.JUnitReportReporter -->
<testsuite ignored="0" hostname="prasads-MacBook-Air.local" failures="0" tests="2" name="multipleWaystoSendPostRequiest.SendPostRequiestUsingJson" time="2.783" errors="0" timestamp="27 Mar 2024 13:00:15 GMT" skipped="0">
  <testcase classname="multipleWaystoSendPostRequiest.SendPostRequiestUsingJson" name="testPostUsingJson" time="2.701"/>
  <testcase classname="multipleWaystoSendPostRequiest.SendPostRequiestUsingJson" name="testDelete" time="0.082"/>
</testsuite> <!-- multipleWaystoSendPostRequiest.SendPostRequiestUsingJson -->
