<?xml version="1.0" encoding="UTF-8"?>
<!-- Generated by org.testng.reporters.JUnitReportReporter -->
<testsuite hostname="prasads-MacBook-Air.local" failures="0" tests="1" name="com.tests.CrudOperations2" time="2.708" errors="0" timestamp="18 Mar 2024 18:04:47 GMT" skipped="0">
  <testcase classname="com.tests.CrudOperations2" name="GetScenario" time="2.708"/>
</testsuite> <!-- com.tests.CrudOperations2 -->
