<?xml version="1.0" encoding="UTF-8"?>
<!-- Generated by org.testng.reporters.JUnitReportReporter -->
<testsuite hostname="prasads-Air" failures="0" tests="2" name="com.tests.CrudOperations" time="2.162" errors="0" timestamp="17 Mar 2024 12:20:36 GMT" skipped="0">
  <testcase classname="com.tests.CrudOperations" name="test_2" time="0.147"/>
  <testcase classname="com.tests.CrudOperations" name="test_1" time="2.015"/>
</testsuite> <!-- com.tests.CrudOperations -->
