<?xml version="1.0" encoding="UTF-8"?>
<!-- Generated by org.testng.reporters.JUnitReportReporter -->
<testsuite ignored="0" hostname="prasads-MacBook-Air.local" failures="0" tests="2" name="multipleWaystoSendPostRequiest.SendPostRequiestUsingPojo" time="2.795" errors="0" timestamp="27 Mar 2024 13:25:05 GMT" skipped="0">
  <testcase classname="multipleWaystoSendPostRequiest.SendPostRequiestUsingPojo" name="testPostUsingPOJO" time="2.716"/>
  <testcase classname="multipleWaystoSendPostRequiest.SendPostRequiestUsingPojo" name="testDelete" time="0.079"/>
</testsuite> <!-- multipleWaystoSendPostRequiest.SendPostRequiestUsingPojo -->
